# JRE version: Java(TM) SE Runtime Environment (8.0_191-b12) (build 1.8.0_191-b12)
# Java VM: Java HotSpot(TM) 64-Bit Server VM (25.191-b12 mixed mode windows-amd64 compressed oops)
Heap:
 PSYoungGen      total 44032K, used 43035K [0x000000076b600000, 0x000000076fd00000, 0x00000007c0000000)
  eden space 43008K, 98% used [0x000000076b600000,0x000000076df2dfb8,0x000000076e000000)
  from space 1024K, 84% used [0x000000076e080000,0x000000076e158f68,0x000000076e180000)
  to   space 14848K, 0% used [0x000000076ee80000,0x000000076ee80000,0x000000076fd00000)
 ParOldGen       total 111616K, used 35951K [0x00000006c2200000, 0x00000006c8f00000, 0x000000076b600000)
  object space 111616K, 32% used [0x00000006c2200000,0x00000006c451bc20,0x00000006c8f00000)
 Metaspace       used 27441K, capacity 27852K, committed 28032K, reserved 1073152K
  class space    used 3303K, capacity 3410K, committed 3456K, reserved 1048576K
GC Heap History (10 events):
Event: 8101.294 GC heap before
{Heap before GC invocations=26 (full 1):
 PSYoungGen      total 64512K, used 46116K [0x000000076b600000, 0x0000000770a80000, 0x00000007c0000000)
  eden space 45568K, 100% used [0x000000076b600000,0x000000076e280000,0x000000076e280000)
  from space 18944K, 2% used [0x000000076f800000,0x000000076f889050,0x0000000770a80000)
  to   space 20480K, 0% used [0x000000076e280000,0x000000076e280000,0x000000076f680000)
 ParOldGen       total 111616K, used 34918K [0x00000006c2200000, 0x00000006c8f00000, 0x000000076b600000)
  object space 111616K, 31% used [0x00000006c2200000,0x00000006c4419b88,0x00000006c8f00000)
 Metaspace       used 27135K, capacity 27502K, committed 27776K, reserved 1073152K
  class space    used 3300K, capacity 3405K, committed 3456K, reserved 1048576K
Event: 8101.296 GC heap after
Heap after GC invocations=26 (full 1):
 PSYoungGen      total 46080K, used 608K [0x000000076b600000, 0x0000000770700000, 0x00000007c0000000)
  eden space 45056K, 0% used [0x000000076b600000,0x000000076b600000,0x000000076e200000)
  from space 1024K, 59% used [0x000000076e280000,0x000000076e318000,0x000000076e380000)
  to   space 18944K, 0% used [0x000000076f480000,0x000000076f480000,0x0000000770700000)
 ParOldGen       total 111616K, used 35122K [0x00000006c2200000, 0x00000006c8f00000, 0x000000076b600000)
  object space 111616K, 31% used [0x00000006c2200000,0x00000006c444cbd8,0x00000006c8f00000)
 Metaspace       used 27135K, capacity 27502K, committed 27776K, reserved 1073152K
  class space    used 3300K, capacity 3405K, committed 3456K, reserved 1048576K
}
Event: 8217.153 GC heap before
{Heap before GC invocations=27 (full 1):
 PSYoungGen      total 46080K, used 45664K [0x000000076b600000, 0x0000000770700000, 0x00000007c0000000)
  eden space 45056K, 100% used [0x000000076b600000,0x000000076e200000,0x000000076e200000)
  from space 1024K, 59% used [0x000000076e280000,0x000000076e318000,0x000000076e380000)
  to   space 18944K, 0% used [0x000000076f480000,0x000000076f480000,0x0000000770700000)
 ParOldGen       total 111616K, used 35122K [0x00000006c2200000, 0x00000006c8f00000, 0x000000076b600000)
  object space 111616K, 31% used [0x00000006c2200000,0x00000006c444cbd8,0x00000006c8f00000)
 Metaspace       used 27173K, capacity 27630K, committed 28032K, reserved 1073152K
  class space    used 3300K, capacity 3405K, committed 3456K, reserved 1048576K
Event: 8217.155 GC heap after
Heap after GC invocations=27 (full 1):
 PSYoungGen      total 60928K, used 806K [0x000000076b600000, 0x0000000770480000, 0x00000007c0000000)
  eden space 44544K, 0% used [0x000000076b600000,0x000000076b600000,0x000000076e180000)
  from space 16384K, 4% used [0x000000076f480000,0x000000076f549800,0x0000000770480000)
  to   space 17920K, 0% used [0x000000076e180000,0x000000076e180000,0x000000076f300000)
 ParOldGen       total 111616K, used 35194K [0x00000006c2200000, 0x00000006c8f00000, 0x000000076b600000)
  object space 111616K, 31% used [0x00000006c2200000,0x00000006c445ebd8,0x00000006c8f00000)
 Metaspace       used 27173K, capacity 27630K, committed 28032K, reserved 1073152K
  class space    used 3300K, capacity 3405K, committed 3456K, reserved 1048576K
}
Event: 8520.400 GC heap before
{Heap before GC invocations=28 (full 1):
 PSYoungGen      total 60928K, used 45350K [0x000000076b600000, 0x0000000770480000, 0x00000007c0000000)
  eden space 44544K, 100% used [0x000000076b600000,0x000000076e180000,0x000000076e180000)
  from space 16384K, 4% used [0x000000076f480000,0x000000076f549800,0x0000000770480000)
  to   space 17920K, 0% used [0x000000076e180000,0x000000076e180000,0x000000076f300000)
 ParOldGen       total 111616K, used 35194K [0x00000006c2200000, 0x00000006c8f00000, 0x000000076b600000)
  object space 111616K, 31% used [0x00000006c2200000,0x00000006c445ebd8,0x00000006c8f00000)
 Metaspace       used 27274K, capacity 27654K, committed 28032K, reserved 1073152K
  class space    used 3302K, capacity 3409K, committed 3456K, reserved 1048576K
Event: 8520.406 GC heap after
Heap after GC invocations=28 (full 1):
 PSYoungGen      total 45056K, used 740K [0x000000076b600000, 0x0000000770200000, 0x00000007c0000000)
  eden space 44032K, 0% used [0x000000076b600000,0x000000076b600000,0x000000076e100000)
  from space 1024K, 72% used [0x000000076e180000,0x000000076e239090,0x000000076e280000)
  to   space 16896K, 0% used [0x000000076f180000,0x000000076f180000,0x0000000770200000)
 ParOldGen       total 111616K, used 35600K [0x00000006c2200000, 0x00000006c8f00000, 0x000000076b600000)
  object space 111616K, 31% used [0x00000006c2200000,0x00000006c44c43d8,0x00000006c8f00000)
 Metaspace       used 27274K, capacity 27654K, committed 28032K, reserved 1073152K
  class space    used 3302K, capacity 3409K, committed 3456K, reserved 1048576K
}
Event: 8782.252 GC heap before
{Heap before GC invocations=29 (full 1):
 PSYoungGen      total 45056K, used 44772K [0x000000076b600000, 0x0000000770200000, 0x00000007c0000000)
  eden space 44032K, 100% used [0x000000076b600000,0x000000076e100000,0x000000076e100000)
  from space 1024K, 72% used [0x000000076e180000,0x000000076e239090,0x000000076e280000)
  to   space 16896K, 0% used [0x000000076f180000,0x000000076f180000,0x0000000770200000)
 ParOldGen       total 111616K, used 35601K [0x00000006c2200000, 0x00000006c8f00000, 0x000000076b600000)
  object space 111616K, 31% used [0x00000006c2200000,0x00000006c44c46a8,0x00000006c8f00000)
 Metaspace       used 27308K, capacity 27718K, committed 28032K, reserved 1073152K
  class space    used 3302K, capacity 3409K, committed 3456K, reserved 1048576K
Event: 8782.256 GC heap after
Heap after GC invocations=29 (full 1):
 PSYoungGen      total 57856K, used 640K [0x000000076b600000, 0x000000076ff80000, 0x00000007c0000000)
  eden space 43520K, 0% used [0x000000076b600000,0x000000076b600000,0x000000076e080000)
  from space 14336K, 4% used [0x000000076f180000,0x000000076f220000,0x000000076ff80000)
  to   space 15872K, 0% used [0x000000076e080000,0x000000076e080000,0x000000076f000000)
 ParOldGen       total 111616K, used 35845K [0x00000006c2200000, 0x00000006c8f00000, 0x000000076b600000)
  object space 111616K, 32% used [0x00000006c2200000,0x00000006c4501560,0x00000006c8f00000)
 Metaspace       used 27308K, capacity 27718K, committed 28032K, reserved 1073152K
  class space    used 3302K, capacity 3409K, committed 3456K, reserved 1048576K
}
Event: 9370.936 GC heap before
{Heap before GC invocations=30 (full 1):
 PSYoungGen      total 57856K, used 44160K [0x000000076b600000, 0x000000076ff80000, 0x00000007c0000000)
  eden space 43520K, 100% used [0x000000076b600000,0x000000076e080000,0x000000076e080000)
  from space 14336K, 4% used [0x000000076f180000,0x000000076f220000,0x000000076ff80000)
  to   space 15872K, 0% used [0x000000076e080000,0x000000076e080000,0x000000076f000000)
 ParOldGen       total 111616K, used 35847K [0x00000006c2200000, 0x00000006c8f00000, 0x000000076b600000)
  object space 111616K, 32% used [0x00000006c2200000,0x00000006c4501c20,0x00000006c8f00000)
 Metaspace       used 27404K, capacity 27788K, committed 28032K, reserved 1073152K
  class space    used 3303K, capacity 3410K, committed 3456K, reserved 1048576K
Event: 9370.939 GC heap after
Heap after GC invocations=30 (full 1):
 PSYoungGen      total 44032K, used 867K [0x000000076b600000, 0x000000076fd00000, 0x00000007c0000000)
  eden space 43008K, 0% used [0x000000076b600000,0x000000076b600000,0x000000076e000000)
  from space 1024K, 84% used [0x000000076e080000,0x000000076e158f68,0x000000076e180000)
  to   space 14848K, 0% used [0x000000076ee80000,0x000000076ee80000,0x000000076fd00000)
 ParOldGen       total 111616K, used 35951K [0x00000006c2200000, 0x00000006c8f00000, 0x000000076b600000)
  object space 111616K, 32% used [0x00000006c2200000,0x00000006c451bc20,0x00000006c8f00000)
 Metaspace       used 27404K, capacity 27788K, committed 28032K, reserved 1073152K
  class space    used 3303K, capacity 3410K, committed 3456K, reserved 1048576K
}

